<?xml version="1.0" encoding="UTF-8"?>
<!-- Generated by org.testng.reporters.JUnitReportReporter -->
<testsuite skipped="0" hostname="NARENDRA" name="com.learnautomation.pages.ExtentReportsSyntax" tests="1" failures="0" timestamp="05 Feb 2020 10:56:10 GMT" time="0.745" errors="0">
  <testcase name="LoginReports" time="0.745" classname="com.learnautomation.pages.ExtentReportsSyntax"/>
</testsuite> <!-- com.learnautomation.pages.ExtentReportsSyntax -->
