<?xml version="1.0" encoding="UTF-8"?>
<!-- Generated by org.testng.reporters.JUnitReportReporter -->
<testsuite hostname="Testing" name="com.learnautomation.testcases.LoginTestCRM" tests="1" failures="0" timestamp="27 Aug 2019 04:17:11 GMT" time="30.846" errors="0">
  <testcase name="loginApp" time="30.846" classname="com.learnautomation.testcases.LoginTestCRM"/>
</testsuite> <!-- com.learnautomation.testcases.LoginTestCRM -->
