<?xml version="1.0" encoding="UTF-8"?>
<!-- Generated by org.testng.reporters.JUnitReportReporter -->
<testsuite hostname="Testing" name="com.learnautomation.testcases.TestCaseWithoutFramework" tests="1" failures="0" timestamp="26 Aug 2019 09:30:33 GMT" time="31.352" errors="0">
  <testcase name="test1" time="31.352" classname="com.learnautomation.testcases.TestCaseWithoutFramework"/>
</testsuite> <!-- com.learnautomation.testcases.TestCaseWithoutFramework -->
